============================= test session starts ==============================
platform linux -- Python 3.12.3, pytest-9.0.2, pluggy-1.6.0
rootdir: /home/admin/Fortress-Prime/fortress-guest-platform
plugins: asyncio-1.3.0, langsmith-0.6.9, anyio-4.12.1
asyncio: mode=Mode.STRICT, debug=False, asyncio_default_fixture_loop_scope=None, asyncio_default_test_loop_scope=function
collected 221 items

backend/tests/test_phase_a_owner_ledger.py FF.F...F.FFFFFF               [  6%]
backend/tests/test_phase_b_revenue_fixes.py .....FF......F........F      [ 17%]
backend/tests/test_phase_c_owner_charges.py .......F.F.F.F...F.F.F.F.F.F [ 29%]
.F.                                                                      [ 31%]
backend/tests/test_phase_d_statement_workflow.py .FF.F.F.F.FF.F.F.F...F. [ 41%]
F.F                                                                      [ 42%]
backend/tests/test_phase_e_pdf.py ..F.F.F.F.F.F                          [ 48%]
backend/tests/test_phase_e5_parity.py .......F.F.F.F....FF               [ 57%]
backend/tests/test_phase_e51_hygiene.py ........F...                     [ 63%]
backend/tests/test_phase_e6_visual_parity.py .................           [ 71%]
backend/tests/test_phase_f_cron.py .......................F.F.F          [ 83%]
backend/tests/test_owner_statement_phase1.py .....FF                     [ 86%]
backend/tests/test_owner_statement_phase1_5.py ...FFF...s                [ 91%]
backend/tests/test_owner_statement_phase2.py F.F.F.F.                    [ 95%]
backend/tests/test_owner_statement_phase3.py ........F..                 [100%]

=============================== warnings summary ===============================
backend/tests/test_phase_a_owner_ledger.py::test_compute_owner_statement_raises_property_not_renting
  /home/admin/Fortress-Prime/fortress-guest-platform/backend/services/statement_computation.py:66: PydanticDeprecatedSince20: Support for class-based `config` is deprecated, use ConfigDict instead. Deprecated in Pydantic V2.0 to be removed in V3.0. See Pydantic V2 Migration Guide at https://errors.pydantic.dev/2.12/migration/
    class StatementLineItem(BaseModel):

backend/tests/test_phase_a_owner_ledger.py: 14 warnings
backend/tests/test_phase_d_statement_workflow.py: 1 warning
  /home/admin/.local/lib/python3.12/site-packages/pydantic/_internal/_generate_schema.py:319: PydanticDeprecatedSince20: `json_encoders` is deprecated. See https://docs.pydantic.dev/2.12/concepts/serialization/#custom-serializers for alternatives. Deprecated in Pydantic V2.0 to be removed in V3.0. See Pydantic V2 Migration Guide at https://errors.pydantic.dev/2.12/migration/
    warnings.warn(

backend/tests/test_phase_a_owner_ledger.py::test_compute_owner_statement_raises_property_not_renting
  /home/admin/Fortress-Prime/fortress-guest-platform/backend/services/statement_computation.py:88: PydanticDeprecatedSince20: Support for class-based `config` is deprecated, use ConfigDict instead. Deprecated in Pydantic V2.0 to be removed in V3.0. See Pydantic V2 Migration Guide at https://errors.pydantic.dev/2.12/migration/
    class OwnerChargeLineItem(BaseModel):

backend/tests/test_phase_a_owner_ledger.py::test_compute_owner_statement_raises_property_not_renting
  /home/admin/Fortress-Prime/fortress-guest-platform/backend/services/statement_computation.py:101: PydanticDeprecatedSince20: Support for class-based `config` is deprecated, use ConfigDict instead. Deprecated in Pydantic V2.0 to be removed in V3.0. See Pydantic V2 Migration Guide at https://errors.pydantic.dev/2.12/migration/
    class StatementResult(BaseModel):

backend/tests/test_phase_a_owner_ledger.py::test_all_13_active_properties_can_compute
  /home/admin/.local/lib/python3.12/site-packages/sqlalchemy/engine/result.py:283: RuntimeWarning: coroutine 'Connection._cancel' was never awaited
    self._keys = list(keys)
  Enable tracemalloc to get traceback where the object was allocated.
  See https://docs.pytest.org/en/stable/how-to/capture-warnings.html#resource-warnings for more info.

backend/tests/test_phase_c_owner_charges.py::test_lock_returns_none_for_date_outside_period
backend/tests/test_phase_c_owner_charges.py::test_state_machine_locked_after_approval
  /home/admin/.local/lib/python3.12/site-packages/sqlalchemy/orm/session.py:1994: RuntimeWarning: coroutine 'Connection._cancel' was never awaited
    def commit(self) -> None:
  Enable tracemalloc to get traceback where the object was allocated.
  See https://docs.pytest.org/en/stable/how-to/capture-warnings.html#resource-warnings for more info.

backend/tests/test_phase_c_owner_charges.py::test_create_charge_account_not_found
backend/tests/test_phase_f_cron.py::test_send_test_does_not_change_status
backend/tests/test_phase_f_cron.py::test_send_test_body_has_warning
  /usr/lib/python3.12/unittest/mock.py:2188: RuntimeWarning: coroutine 'Connection._cancel' was never awaited
    def __init__(self, name, parent):
  Enable tracemalloc to get traceback where the object was allocated.
  See https://docs.pytest.org/en/stable/how-to/capture-warnings.html#resource-warnings for more info.

backend/tests/test_phase_c_owner_charges.py::test_create_charge_rejects_zero_amount
  /home/admin/.local/lib/python3.12/site-packages/sqlalchemy/util/queue.py:303: RuntimeWarning: coroutine 'Connection._cancel' was never awaited
    raise Empty() from err
  Enable tracemalloc to get traceback where the object was allocated.
  See https://docs.pytest.org/en/stable/how-to/capture-warnings.html#resource-warnings for more info.

backend/tests/test_phase_c_owner_charges.py::test_list_charges_excludes_voided_by_default
backend/tests/test_phase_e_pdf.py::test_knight_cherokee_sunrise_fixture_renders
  /usr/lib/python3.12/selectors.py:351: RuntimeWarning: coroutine 'Connection._cancel' was never awaited
    def register(self, fileobj, events, data=None):
  Enable tracemalloc to get traceback where the object was allocated.
  See https://docs.pytest.org/en/stable/how-to/capture-warnings.html#resource-warnings for more info.

backend/tests/test_phase_c_owner_charges.py::test_patch_charge_rejected_if_voided
  /home/admin/.local/lib/python3.12/site-packages/_pytest/raises.py:633: RuntimeWarning: coroutine 'Connection._cancel' was never awaited
    self.expected_exceptions = tuple(
  Enable tracemalloc to get traceback where the object was allocated.
  See https://docs.pytest.org/en/stable/how-to/capture-warnings.html#resource-warnings for more info.

backend/tests/test_phase_c_owner_charges.py::test_statement_three_charges_totaling
  /usr/lib/python3.12/asyncio/base_events.py:1021: RuntimeWarning: coroutine 'Connection._cancel' was never awaited
    async def create_connection(
  Enable tracemalloc to get traceback where the object was allocated.
  See https://docs.pytest.org/en/stable/how-to/capture-warnings.html#resource-warnings for more info.

backend/tests/test_phase_c_owner_charges.py::test_statement_voided_charge_not_counted
  /home/admin/.local/lib/python3.12/site-packages/sqlalchemy/orm/session.py:2291: RuntimeWarning: coroutine 'Connection._cancel' was never awaited
    def execute(
  Enable tracemalloc to get traceback where the object was allocated.
  See https://docs.pytest.org/en/stable/how-to/capture-warnings.html#resource-warnings for more info.

backend/tests/test_phase_d_statement_workflow.py::test_generate_creates_pending_approval_rows
  /home/admin/Fortress-Prime/fortress-guest-platform/backend/services/statement_workflow.py:80: PydanticDeprecatedSince20: Support for class-based `config` is deprecated, use ConfigDict instead. Deprecated in Pydantic V2.0 to be removed in V3.0. See Pydantic V2 Migration Guide at https://errors.pydantic.dev/2.12/migration/
    class StatementGenerationOutcome(BaseModel):

backend/tests/test_phase_d_statement_workflow.py::test_generate_creates_pending_approval_rows
  /home/admin/Fortress-Prime/fortress-guest-platform/backend/services/statement_workflow.py:99: PydanticDeprecatedSince20: Support for class-based `config` is deprecated, use ConfigDict instead. Deprecated in Pydantic V2.0 to be removed in V3.0. See Pydantic V2 Migration Guide at https://errors.pydantic.dev/2.12/migration/
    class GenerateStatementsResult(BaseModel):

backend/tests/test_phase_d_statement_workflow.py::test_generate_skips_unenrolled_owners
  /home/admin/.local/lib/python3.12/site-packages/sqlalchemy/orm/loading.py:1108: RuntimeWarning: coroutine 'Connection._cancel' was never awaited
    if is_not_primary_key(identitykey[1]):
  Enable tracemalloc to get traceback where the object was allocated.
  See https://docs.pytest.org/en/stable/how-to/capture-warnings.html#resource-warnings for more info.

backend/tests/test_phase_d_statement_workflow.py::test_generate_skips_locked_status[approved]
  /home/admin/.local/lib/python3.12/site-packages/asyncpg/connection.py:2574: RuntimeWarning: coroutine 'Connection._cancel' was never awaited
    entries = tuple(self._entries.values())
  Enable tracemalloc to get traceback where the object was allocated.
  See https://docs.pytest.org/en/stable/how-to/capture-warnings.html#resource-warnings for more info.

backend/tests/test_phase_d_statement_workflow.py::test_generate_skips_locked_status[emailed]
  /home/admin/.local/lib/python3.12/site-packages/sqlalchemy/pool/base.py:706: RuntimeWarning: coroutine 'Connection._cancel' was never awaited
    @classmethod
  Enable tracemalloc to get traceback where the object was allocated.
  See https://docs.pytest.org/en/stable/how-to/capture-warnings.html#resource-warnings for more info.

backend/tests/test_phase_d_statement_workflow.py::test_generate_dry_run_commits_nothing
  /usr/lib/python3.12/pathlib.py:366: RuntimeWarning: coroutine 'Connection._cancel' was never awaited
    paths.extend(arg._raw_paths)
  Enable tracemalloc to get traceback where the object was allocated.
  See https://docs.pytest.org/en/stable/how-to/capture-warnings.html#resource-warnings for more info.

backend/tests/test_phase_d_statement_workflow.py::test_generate_endpoint_rejects_future_period
  /home/admin/Fortress-Prime/fortress-guest-platform/backend/services/email_service.py:7: RuntimeWarning: coroutine 'Connection._cancel' was never awaited
    import smtplib
  Enable tracemalloc to get traceback where the object was allocated.
  See https://docs.pytest.org/en/stable/how-to/capture-warnings.html#resource-warnings for more info.

backend/tests/test_phase_d_statement_workflow.py::test_mark_emailed_endpoint_409_for_draft
  /home/admin/.local/lib/python3.12/site-packages/asyncpg/connection.py:1573: RuntimeWarning: coroutine 'Connection._cancel' was never awaited
    def _abort(self):
  Enable tracemalloc to get traceback where the object was allocated.
  See https://docs.pytest.org/en/stable/how-to/capture-warnings.html#resource-warnings for more info.

backend/tests/test_phase_e_pdf.py::test_currency_formatting
  /usr/lib/python3/dist-packages/reportlab/lib/rl_safe_eval.py:11: DeprecationWarning: ast.NameConstant is deprecated and will be removed in Python 3.14; use ast.Constant instead
    haveNameConstant = hasattr(ast,'NameConstant')

backend/tests/test_phase_e_pdf.py::test_negative_closing_balance_renders_in_parens
  /home/admin/.local/lib/python3.12/site-packages/sqlalchemy/dialects/postgresql/asyncpg.py:935: RuntimeWarning: coroutine 'Connection._cancel' was never awaited
    def connect(self, *arg, **kw):
  Enable tracemalloc to get traceback where the object was allocated.
  See https://docs.pytest.org/en/stable/how-to/capture-warnings.html#resource-warnings for more info.

backend/tests/test_phase_e_pdf.py::test_cross_period_reservation_gets_asterisk_and_footnote
  /usr/lib/python3.12/weakref.py:369: RuntimeWarning: coroutine 'Connection._cancel' was never awaited
    def remove(k, selfref=ref(self)):
  Enable tracemalloc to get traceback where the object was allocated.
  See https://docs.pytest.org/en/stable/how-to/capture-warnings.html#resource-warnings for more info.

backend/tests/test_phase_e_pdf.py::test_cross_period_reservation_gets_asterisk_and_footnote
backend/tests/test_phase_e_pdf.py::test_cross_period_reservation_gets_asterisk_and_footnote
  /home/admin/.local/lib/python3.12/site-packages/sqlalchemy/sql/schema.py:3624: DeprecationWarning: datetime.datetime.utcnow() is deprecated and scheduled for removal in a future version. Use timezone-aware objects to represent datetimes in UTC: datetime.datetime.now(datetime.UTC).
    return util.wrap_callable(lambda ctx: fn(), fn)  # type: ignore

backend/tests/test_phase_e_pdf.py::test_owner_reserve_renders_zeros
backend/tests/test_phase_e_pdf.py::test_pdf_endpoint_404_for_missing_period
backend/tests/test_phase_e5_parity.py::test_closing_balance_has_parenthetical
  /usr/lib/python3.12/asyncio/sslproto.py:211: RuntimeWarning: coroutine 'Connection._cancel' was never awaited
    def write(self, data):
  Enable tracemalloc to get traceback where the object was allocated.
  See https://docs.pytest.org/en/stable/how-to/capture-warnings.html#resource-warnings for more info.

backend/tests/test_phase_e5_parity.py::test_pdf_header_shows_owner_address
  /home/admin/.local/lib/python3.12/site-packages/sqlalchemy/orm/session.py:3569: RuntimeWarning: coroutine 'Connection._cancel' was never awaited
    def get(
  Enable tracemalloc to get traceback where the object was allocated.
  See https://docs.pytest.org/en/stable/how-to/capture-warnings.html#resource-warnings for more info.

backend/tests/test_phase_e5_parity.py::test_pdf_property_block_shows_group_prefix
  /home/admin/.local/lib/python3.12/site-packages/sqlalchemy/sql/cache_key.py:289: RuntimeWarning: coroutine 'Connection._cancel' was never awaited
    result += (attrname, obj)
  Enable tracemalloc to get traceback where the object was allocated.
  See https://docs.pytest.org/en/stable/how-to/capture-warnings.html#resource-warnings for more info.

backend/tests/test_phase_e5_parity.py::test_payment_processed_line_nonzero
  /usr/lib/python3.12/asyncio/base_events.py:2005: RuntimeWarning: coroutine 'Connection._cancel' was never awaited
    def get_debug(self):
  Enable tracemalloc to get traceback where the object was allocated.
  See https://docs.pytest.org/en/stable/how-to/capture-warnings.html#resource-warnings for more info.

backend/tests/test_phase_e5_parity.py::test_payment_processed_line_nonzero
backend/tests/test_phase_e6_visual_parity.py::test_owner_name_renders_in_streamline_format
  /home/admin/.local/lib/python3.12/site-packages/pypdf/generic/_data_structures.py:1471: RuntimeWarning: coroutine 'Connection._cancel' was never awaited
    peek = stream.read(20)
  Enable tracemalloc to get traceback where the object was allocated.
  See https://docs.pytest.org/en/stable/how-to/capture-warnings.html#resource-warnings for more info.

backend/tests/test_phase_e5_parity.py::test_invite_rejects_missing_address
  /home/admin/.local/lib/python3.12/site-packages/typing_extensions.py:3249: RuntimeWarning: coroutine 'Connection._cancel' was never awaited
    pass
  Enable tracemalloc to get traceback where the object was allocated.
  See https://docs.pytest.org/en/stable/how-to/capture-warnings.html#resource-warnings for more info.

backend/tests/test_owner_statement_phase1.py::test_owner_statement_sends_columns
  /home/admin/.local/lib/python3.12/site-packages/sqlalchemy/util/langhelpers.py:1387: RuntimeWarning: coroutine 'Connection._cancel' was never awaited
    def __getattr__(self, key: str) -> Any:
  Enable tracemalloc to get traceback where the object was allocated.
  See https://docs.pytest.org/en/stable/how-to/capture-warnings.html#resource-warnings for more info.

backend/tests/test_owner_statement_phase2.py::test_not_enrolled_owner_raises_not_enrolled
  /home/admin/.local/lib/python3.12/site-packages/sqlalchemy/orm/session.py:2677: RuntimeWarning: coroutine 'Connection._cancel' was never awaited
    def get_bind(
  Enable tracemalloc to get traceback where the object was allocated.
  See https://docs.pytest.org/en/stable/how-to/capture-warnings.html#resource-warnings for more info.

backend/tests/test_owner_statement_phase2.py::test_commission_rate_comes_from_db
  /home/admin/.local/lib/python3.12/site-packages/sqlalchemy/util/_concurrency_py3k.py:190: RuntimeWarning: coroutine 'Connection._cancel' was never awaited
    result = context.switch(*args, **kwargs)
  Enable tracemalloc to get traceback where the object was allocated.
  See https://docs.pytest.org/en/stable/how-to/capture-warnings.html#resource-warnings for more info.

backend/tests/test_owner_statement_phase2.py::test_multiple_reservations_correct_totals
  /home/admin/.local/lib/python3.12/site-packages/asyncpg/connect_utils.py:637: RuntimeWarning: coroutine 'Connection._cancel' was never awaited
    for h, p in zip(host, port):
  Enable tracemalloc to get traceback where the object was allocated.
  See https://docs.pytest.org/en/stable/how-to/capture-warnings.html#resource-warnings for more info.

backend/tests/test_owner_statement_phase2.py::test_commission_rate_percent_is_rate_times_100
  /home/admin/.local/lib/python3.12/site-packages/sqlalchemy/sql/cache_key.py:221: RuntimeWarning: coroutine 'Connection._cancel' was never awaited
    @util.preload_module("sqlalchemy.sql.elements")
  Enable tracemalloc to get traceback where the object was allocated.
  See https://docs.pytest.org/en/stable/how-to/capture-warnings.html#resource-warnings for more info.

backend/tests/test_owner_statement_phase3.py::test_match_identical_totals
/home/admin/.local/lib/python3.12/site-packages/_pytest/unraisableexception.py:33: RuntimeWarning: coroutine 'Connection._cancel' was never awaited
  gc.collect()
RuntimeWarning: Enable tracemalloc to get the object allocation traceback
  /home/admin/Fortress-Prime/fortress-guest-platform/backend/services/statement_comparison.py:46: PydanticDeprecatedSince20: Support for class-based `config` is deprecated, use ConfigDict instead. Deprecated in Pydantic V2.0 to be removed in V3.0. See Pydantic V2 Migration Guide at https://errors.pydantic.dev/2.12/migration/
    class ComparisonResult(BaseModel):

-- Docs: https://docs.pytest.org/en/stable/how-to/capture-warnings.html
=========================== short test summary info ============================
FAILED backend/tests/test_phase_a_owner_ledger.py::test_exactly_one_pre_launch_among_known_properties
FAILED backend/tests/test_phase_a_owner_ledger.py::test_thirteen_active_among_known_properties
FAILED backend/tests/test_phase_a_owner_ledger.py::test_restoration_luxury_is_pre_launch
FAILED backend/tests/test_phase_a_owner_ledger.py::test_get_or_create_carries_prior_closing_balance
FAILED backend/tests/test_phase_a_owner_ledger.py::test_compute_owner_statement_raises_property_not_renting
FAILED backend/tests/test_phase_a_owner_ledger.py::test_compute_owner_statement_works_for_active_property
FAILED backend/tests/test_phase_a_owner_ledger.py::test_post_offboarding_counts
FAILED backend/tests/test_phase_a_owner_ledger.py::test_14_preserved_properties_have_correct_states
FAILED backend/tests/test_phase_a_owner_ledger.py::test_compute_raises_for_offboarded_property
FAILED backend/tests/test_phase_a_owner_ledger.py::test_all_13_active_properties_can_compute
FAILED backend/tests/test_phase_b_revenue_fixes.py::test_confirmed_owner_bookings_are_flagged
FAILED backend/tests/test_phase_b_revenue_fixes.py::test_regular_guest_cancellations_not_flagged
FAILED backend/tests/test_phase_b_revenue_fixes.py::test_owner_bookings_excluded_from_statement
FAILED backend/tests/test_phase_b_revenue_fixes.py::test_reservation_54029_is_owner_booking
FAILED backend/tests/test_phase_c_owner_charges.py::test_lock_returns_none_when_no_period
FAILED backend/tests/test_phase_c_owner_charges.py::test_lock_returns_period_for_approved
FAILED backend/tests/test_phase_c_owner_charges.py::test_create_charge_success
FAILED backend/tests/test_phase_c_owner_charges.py::test_create_charge_rejected_unenrolled
FAILED backend/tests/test_phase_c_owner_charges.py::test_list_charges_for_owner
FAILED backend/tests/test_phase_c_owner_charges.py::test_patch_charge_description
FAILED backend/tests/test_phase_c_owner_charges.py::test_patch_charge_rejected_locked_period
FAILED backend/tests/test_phase_c_owner_charges.py::test_void_charge_already_voided
FAILED backend/tests/test_phase_c_owner_charges.py::test_statement_no_charges
FAILED backend/tests/test_phase_c_owner_charges.py::test_statement_charge_and_credit
FAILED backend/tests/test_phase_c_owner_charges.py::test_statement_charge_outside_period_excluded
FAILED backend/tests/test_phase_d_statement_workflow.py::test_generate_creates_pending_approval_rows
FAILED backend/tests/test_phase_d_statement_workflow.py::test_generate_skips_pre_launch_property
FAILED backend/tests/test_phase_d_statement_workflow.py::test_generate_idempotent_for_draft
FAILED backend/tests/test_phase_d_statement_workflow.py::test_generate_skips_locked_status[paid]
FAILED backend/tests/test_phase_d_statement_workflow.py::test_generate_skips_locked_status[voided]
FAILED backend/tests/test_phase_d_statement_workflow.py::test_generate_one_error_does_not_block_others
FAILED backend/tests/test_phase_d_statement_workflow.py::test_full_lifecycle_pending_to_emailed
FAILED backend/tests/test_phase_d_statement_workflow.py::test_forbidden_approve_a_draft
FAILED backend/tests/test_phase_d_statement_workflow.py::test_forbidden_void_an_emailed_statement
FAILED backend/tests/test_phase_d_statement_workflow.py::test_forbidden_mark_emailed_on_draft
FAILED backend/tests/test_phase_d_statement_workflow.py::test_void_endpoint_409_for_paid
FAILED backend/tests/test_phase_d_statement_workflow.py::test_mark_emailed_endpoint_409_for_draft
FAILED backend/tests/test_phase_d_statement_workflow.py::test_end_to_end_generate_to_emailed_with_real_data
FAILED backend/tests/test_phase_e_pdf.py::test_valid_pdf_for_zero_activity_statement
FAILED backend/tests/test_phase_e_pdf.py::test_valid_pdf_for_multi_reservation_statement
FAILED backend/tests/test_phase_e_pdf.py::test_ytd_accumulates_across_periods
FAILED backend/tests/test_phase_e_pdf.py::test_pdf_endpoint_returns_pdf_content_type
FAILED backend/tests/test_phase_e_pdf.py::test_pdf_endpoint_filename_in_content_disposition
FAILED backend/tests/test_phase_e_pdf.py::test_dutil_above_timberline_fixture_renders
FAILED backend/tests/test_phase_e5_parity.py::test_pdf_header_shows_placeholder_when_address_missing
FAILED backend/tests/test_phase_e5_parity.py::test_pdf_property_block_no_group_shows_name_only
FAILED backend/tests/test_phase_e5_parity.py::test_payment_processed_line_zero
FAILED backend/tests/test_phase_e5_parity.py::test_payment_processed_line_negative_amount
FAILED backend/tests/test_phase_e5_parity.py::test_knight_cherokee_sunrise_fixture_2026_02
FAILED backend/tests/test_phase_e5_parity.py::test_dutil_above_timberline_fixture_2026_01
FAILED backend/tests/test_phase_e51_hygiene.py::test_render_owner_statement_pdf_regression
FAILED backend/tests/test_phase_f_cron.py::test_send_test_endpoint_success - ...
FAILED backend/tests/test_phase_f_cron.py::test_send_test_subject_has_test_prefix
FAILED backend/tests/test_phase_f_cron.py::test_send_test_smtp_failure_returns_500
FAILED backend/tests/test_owner_statement_phase1.py::test_owner_statement_send_insert_reads_back
FAILED backend/tests/test_owner_statement_phase1.py::test_owner_statement_send_error_row
FAILED backend/tests/test_owner_statement_phase1_5.py::test_create_invite_stores_commission_rate_as_fraction
FAILED backend/tests/test_owner_statement_phase1_5.py::test_accept_invite_fails_on_legacy_token_without_rate
FAILED backend/tests/test_owner_statement_phase1_5.py::test_create_invite_and_accept_stores_commission_rate
FAILED backend/tests/test_owner_statement_phase2.py::test_nonexistent_account_raises_not_found
FAILED backend/tests/test_owner_statement_phase2.py::test_zero_reservations_returns_empty_statement
FAILED backend/tests/test_owner_statement_phase2.py::test_different_db_rates_produce_different_nets
FAILED backend/tests/test_owner_statement_phase2.py::test_source_is_crog - Ru...
FAILED backend/tests/test_owner_statement_phase3.py::test_property_not_found_raises_error
============ 64 failed, 156 passed, 1 skipped, 58 warnings in 6.56s ============
