
> @fortress/command-center@0.1.0 test
> vitest run src/__tests__/legal


 RUN  v4.1.1 /home/admin/Fortress-Prime/fortress-guest-platform/apps/command-center

 ❯ src/__tests__/legal/case-detail-header.test.tsx (7 tests | 7 failed) 133ms
     × renders one badge per privileged_counsel_domain in the header 58ms
     × renders nothing for the privileged-counsel block when the array is empty 10ms
     × renders nothing for the privileged-counsel block when the field is null/undefined 17ms
     × renders related_matters as anchor links pointing at /legal/cases/<slug> 10ms
     × renders nothing for related_matters when the array is empty 10ms
     × renders case_phase as a badge with underscores transformed to spaces 14ms
     × renders nothing for case_phase when null 9ms

⎯⎯⎯⎯⎯⎯⎯ Failed Tests 7 ⎯⎯⎯⎯⎯⎯⎯

 FAIL  src/__tests__/legal/case-detail-header.test.tsx > CaseDetailShell — privilege metadata in header (PR G) > renders one badge per privileged_counsel_domain in the header
 FAIL  src/__tests__/legal/case-detail-header.test.tsx > CaseDetailShell — privilege metadata in header (PR G) > renders nothing for the privileged-counsel block when the array is empty
 FAIL  src/__tests__/legal/case-detail-header.test.tsx > CaseDetailShell — privilege metadata in header (PR G) > renders nothing for the privileged-counsel block when the field is null/undefined
 FAIL  src/__tests__/legal/case-detail-header.test.tsx > CaseDetailShell — privilege metadata in header (PR G) > renders related_matters as anchor links pointing at /legal/cases/<slug>
 FAIL  src/__tests__/legal/case-detail-header.test.tsx > CaseDetailShell — privilege metadata in header (PR G) > renders nothing for related_matters when the array is empty
 FAIL  src/__tests__/legal/case-detail-header.test.tsx > CaseDetailShell — privilege metadata in header (PR G) > renders case_phase as a badge with underscores transformed to spaces
 FAIL  src/__tests__/legal/case-detail-header.test.tsx > CaseDetailShell — privilege metadata in header (PR G) > renders nothing for case_phase when null
Error: [vitest] No "useCounselSignoffDecision" export is defined on the "@/lib/legal-hooks" mock. Did you forget to return it from "vi.mock"?
If you need to partially mock a module, you can use "importOriginal" helper inside:

vi.mock(import("@/lib/legal-hooks"), async (importOriginal) => {
  const actual = await importOriginal()
  return {
    ...actual,
    // your mocked methods
  }
})

 ❯ CounselSignoffDecisionWorkflow src/app/(dashboard)/legal/cases/[slug]/_components/counsel-signoff-decision-workflow.tsx:37:38
     35|
     36| export function CounselSignoffDecisionWorkflow({ slug }: { slug: strin…
     37|   const { data, isLoading, error } = useCounselSignoffDecision(slug);
       |                                      ^
     38|   const decisionAction = useCounselSignoffDecisionAction(slug);
     39|   const [decisionType, setDecisionType] = useState<CounselSignoffDecis…
 ❯ Object.react_stack_bottom_frame ../../node_modules/react-dom/cjs/react-dom-client.development.js:25904:20
 ❯ renderWithHooks ../../node_modules/react-dom/cjs/react-dom-client.development.js:7662:22
 ❯ updateFunctionComponent ../../node_modules/react-dom/cjs/react-dom-client.development.js:10166:19
 ❯ beginWork ../../node_modules/react-dom/cjs/react-dom-client.development.js:11778:18
 ❯ runWithFiberInDEV ../../node_modules/react-dom/cjs/react-dom-client.development.js:874:13
 ❯ performUnitOfWork ../../node_modules/react-dom/cjs/react-dom-client.development.js:17641:22
 ❯ workLoopSync ../../node_modules/react-dom/cjs/react-dom-client.development.js:17469:41

⎯⎯⎯⎯⎯⎯⎯⎯⎯⎯⎯⎯⎯⎯⎯⎯⎯⎯⎯⎯⎯⎯⎯⎯[1/7]⎯


 Test Files  1 failed | 14 passed (15)
      Tests  7 failed | 25 passed (32)
   Start at  21:03:17
   Duration  1.33s (transform 1.18s, setup 650ms, import 5.36s, tests 1.36s, environment 5.54s)

npm error Lifecycle script `test` failed with error:
npm error code 1
npm error path /home/admin/Fortress-Prime/fortress-guest-platform/apps/command-center
npm error workspace @fortress/command-center@0.1.0
npm error location /home/admin/Fortress-Prime/fortress-guest-platform/apps/command-center
npm error command failed
npm error command sh -c vitest run src/__tests__/legal
