fortress-guest-platform/apps/command-center/src/__tests__/legal/operational-memory-panel.test.tsx
fortress-guest-platform/apps/command-center/src/app/(dashboard)/legal/cases/[slug]/_components/case-detail-shell.tsx
fortress-guest-platform/apps/command-center/src/app/(dashboard)/legal/cases/[slug]/_components/operational-memory-panel.tsx
fortress-guest-platform/apps/command-center/src/lib/legal-hooks.ts
fortress-guest-platform/apps/command-center/src/lib/legal-types.ts
fortress-guest-platform/backend/api/legal_workbench.py
fortress-guest-platform/backend/services/legal_operational_memory.py
fortress-guest-platform/backend/tests/test_legal_workbench_api.py
fortress-guest-platform/docs/architecture/operational-memory-architecture-2026-05-06.md
fortress-guest-platform/docs/operational/evidence/2026-05-06-operational-memory/auth-leakage-scan.log
fortress-guest-platform/docs/operational/evidence/2026-05-06-operational-memory/authenticated-checker.json
fortress-guest-platform/docs/operational/evidence/2026-05-06-operational-memory/backend-pytest-operational-memory.log
fortress-guest-platform/docs/operational/evidence/2026-05-06-operational-memory/command-center-build.log
fortress-guest-platform/docs/operational/evidence/2026-05-06-operational-memory/deployment-verifier.json
fortress-guest-platform/docs/operational/evidence/2026-05-06-operational-memory/focused-frontend-tests.log
fortress-guest-platform/docs/operational/evidence/2026-05-06-operational-memory/focused-lint.log
fortress-guest-platform/docs/operational/evidence/2026-05-06-operational-memory/frontend-validation-summary.json
fortress-guest-platform/docs/operational/evidence/2026-05-06-operational-memory/git-diff-check.log
fortress-guest-platform/docs/operational/evidence/2026-05-06-operational-memory/node-check-checker.log
fortress-guest-platform/docs/operational/evidence/2026-05-06-operational-memory/operational-memory-summary.json
fortress-guest-platform/docs/operational/evidence/2026-05-06-operational-memory/operational-memory-validation.json
fortress-guest-platform/docs/operational/evidence/2026-05-06-operational-memory/operational-state-generation.json
fortress-guest-platform/docs/operational/evidence/2026-05-06-operational-memory/pilot-simulation.json
fortress-guest-platform/docs/operational/evidence/2026-05-06-operational-memory/python-compile.log
fortress-guest-platform/docs/operational/evidence/2026-05-06-operational-memory/rollback-artifacts.log
fortress-guest-platform/docs/operational/evidence/2026-05-06-operational-memory/service-status-after-restart.log
fortress-guest-platform/docs/operational/evidence/2026-05-06-operational-memory/typecheck.log
fortress-guest-platform/docs/operational/evidence/2026-05-06-operational-memory/wiki-knowledge-index-build.json
fortress-guest-platform/operational-memory/README.md
fortress-guest-platform/operational-memory/registries/capability-registry.json
fortress-guest-platform/operational-memory/registries/evidence-registry.json
fortress-guest-platform/operational-memory/registries/governance-registry.json
fortress-guest-platform/operational-memory/registries/operational-state.generated.json
fortress-guest-platform/operational-memory/registries/operational-state.json
fortress-guest-platform/operational-memory/registries/remediation-registry.json
fortress-guest-platform/operational-memory/registries/reviewer-feedback-ledger.json
fortress-guest-platform/operational-memory/registries/validation-report.json
fortress-guest-platform/operational-memory/registries/wiki-knowledge-index.generated.json
fortress-guest-platform/operational-memory/registries/wiki-knowledge-index.json
fortress-guest-platform/operational-memory/schemas/capability-registry.schema.json
fortress-guest-platform/operational-memory/schemas/evidence-registry.schema.json
fortress-guest-platform/operational-memory/schemas/governance-registry.schema.json
fortress-guest-platform/operational-memory/schemas/operational-state.schema.json
fortress-guest-platform/operational-memory/schemas/remediation-registry.schema.json
fortress-guest-platform/operational-memory/schemas/reviewer-feedback-ledger.schema.json
fortress-guest-platform/operational-memory/schemas/validation-report.schema.json
fortress-guest-platform/operational-memory/schemas/wiki-knowledge-index.schema.json
fortress-guest-platform/scripts/operational-memory/build-wiki-knowledge-index.mjs
fortress-guest-platform/scripts/operational-memory/generate-operational-state.mjs
fortress-guest-platform/scripts/operational-memory/summarize-operational-memory.mjs
fortress-guest-platform/scripts/operational-memory/validate-operational-memory.mjs
scripts/verification/README.md
scripts/verification/check-crog-fortress-ui.mjs
scripts/verification/run-controlled-pilot-simulation.mjs
scripts/verification/verify-production-deployment.mjs
